mode: set
wikipediasearch/handlers/handlers.go:17.68,23.16 4 1
wikipediasearch/handlers/handlers.go:23.16,31.3 4 1
wikipediasearch/handlers/handlers.go:33.2,33.28 1 1
wikipediasearch/handlers/handlers.go:33.28,41.3 4 1
wikipediasearch/handlers/handlers.go:43.2,47.16 4 1
wikipediasearch/handlers/handlers.go:47.16,50.3 2 0
wikipediasearch/handlers/handlers.go:52.2,54.16 2 1
wikipediasearch/handlers/handlers.go:54.16,57.3 2 0
wikipediasearch/handlers/handlers.go:59.2,61.16 3 1
wikipediasearch/handlers/handlers.go:61.16,64.3 2 0
wikipediasearch/handlers/handlers.go:66.2,69.4 1 1
wikipediasearch/handlers/handlers.go:74.67,80.16 4 1
wikipediasearch/handlers/handlers.go:80.16,88.3 4 0
wikipediasearch/handlers/handlers.go:90.2,90.21 1 1
wikipediasearch/handlers/handlers.go:90.21,98.3 4 1
wikipediasearch/handlers/handlers.go:100.2,102.16 3 1
wikipediasearch/handlers/handlers.go:102.16,110.3 4 1
wikipediasearch/handlers/handlers.go:111.2,115.16 3 0
wikipediasearch/handlers/handlers.go:115.16,123.3 4 0
wikipediasearch/handlers/handlers.go:126.2,130.57 3 0
wikipediasearch/handlers/handlers.go:130.57,132.13 2 0
wikipediasearch/handlers/handlers.go:132.13,133.114 1 0
wikipediasearch/handlers/handlers.go:133.115,135.5 0 0
wikipediasearch/handlers/handlers.go:135.10,138.5 1 0
wikipediasearch/handlers/handlers.go:142.2,143.55 2 0
wikipediasearch/handlers/handlers.go:143.55,146.23 2 0
wikipediasearch/handlers/handlers.go:146.23,148.4 1 0
wikipediasearch/handlers/handlers.go:151.2,157.4 3 0
wikipediasearch/handlers/handlers.go:160.62,166.2 2 1
