mode: set
wikipediasearch/handlers/handlers.go:21.68,27.16 4 1
wikipediasearch/handlers/handlers.go:27.16,35.3 4 1
wikipediasearch/handlers/handlers.go:37.2,37.28 1 1
wikipediasearch/handlers/handlers.go:37.28,45.3 4 1
wikipediasearch/handlers/handlers.go:47.2,50.16 3 1
wikipediasearch/handlers/handlers.go:50.16,53.3 2 0
wikipediasearch/handlers/handlers.go:55.2,58.16 3 1
wikipediasearch/handlers/handlers.go:58.16,61.3 2 0
wikipediasearch/handlers/handlers.go:63.2,65.16 3 1
wikipediasearch/handlers/handlers.go:65.16,68.3 2 0
wikipediasearch/handlers/handlers.go:70.2,73.4 1 1
wikipediasearch/handlers/handlers.go:79.67,85.16 4 1
wikipediasearch/handlers/handlers.go:85.16,93.3 4 0
wikipediasearch/handlers/handlers.go:95.2,95.21 1 1
wikipediasearch/handlers/handlers.go:95.21,103.3 4 1
wikipediasearch/handlers/handlers.go:105.2,107.16 3 1
wikipediasearch/handlers/handlers.go:107.16,115.3 4 1
wikipediasearch/handlers/handlers.go:116.2,120.16 3 1
wikipediasearch/handlers/handlers.go:120.16,128.3 4 0
wikipediasearch/handlers/handlers.go:131.2,135.57 3 1
wikipediasearch/handlers/handlers.go:135.57,137.13 2 1
wikipediasearch/handlers/handlers.go:137.13,138.114 1 1
wikipediasearch/handlers/handlers.go:138.115,140.5 0 1
wikipediasearch/handlers/handlers.go:140.10,144.5 1 1
wikipediasearch/handlers/handlers.go:148.2,149.55 2 1
wikipediasearch/handlers/handlers.go:149.55,152.23 2 1
wikipediasearch/handlers/handlers.go:152.23,154.4 1 1
wikipediasearch/handlers/handlers.go:157.2,159.61 3 1
wikipediasearch/handlers/handlers.go:159.61,163.12 2 1
wikipediasearch/handlers/handlers.go:163.12,164.71 1 1
wikipediasearch/handlers/handlers.go:164.72,166.5 0 1
wikipediasearch/handlers/handlers.go:166.10,166.45 1 1
wikipediasearch/handlers/handlers.go:166.45,168.5 1 1
wikipediasearch/handlers/handlers.go:172.2,180.4 5 1
wikipediasearch/handlers/handlers.go:184.62,190.2 2 1
